<?xml version="1.0" encoding="UTF-8"?>
<!-- Generated by org.testng.reporters.JUnitXMLReporter -->
<testsuite hostname="computer8" ignored="0" name="Surefire test" tests="1" failures="1" timestamp="2020-09-10T10:21:24 IST" time="15.355" errors="0">
  <testcase name="validateTitleTest" time="0.055" classname="testcases.ExtentReporting.RSAAcademyTest">
    <failure type="java.lang.AssertionError" message="expected [Rahul Shetty Academy] but found [Rahul Shetty Academy1]">
      <![CDATA[java.lang.AssertionError: expected [Rahul Shetty Academy] but found [Rahul Shetty Academy1]
at testcases.ExtentReporting.RSAAcademyTest.validateTitleTest(RSAAcademyTest.java:63)
at java.util.ArrayList.forEach(ArrayList.java:1257)
... Removed 38 stack frames]]>
    </failure>
  </testcase> <!-- validateTitleTest -->
</testsuite> <!-- Surefire test -->
