<?xml version="1.0" encoding="UTF-8"?>
<!-- Generated by org.testng.reporters.JUnitXMLReporter -->
<testsuite hostname="computer8" ignored="0" name="RSA Academy Course Page Test" tests="1" failures="1" timestamp="2020-09-11T11:22:46 IST" time="46.761" errors="0">
  <testcase name="validateCoursesPageTitleTest" time="11.866" classname="testcases.ExtentReporting.CoursesPageTest">
    <failure type="java.lang.AssertionError" message="expected [Rahul Shetty Academy1] but found []">
      <![CDATA[java.lang.AssertionError: expected [Rahul Shetty Academy1] but found []
at testcases.ExtentReporting.CoursesPageTest.validateCoursesPageTitleTest(CoursesPageTest.java:36)
at java.util.ArrayList.forEach(Unknown Source)
at java.util.concurrent.FutureTask.run(Unknown Source)
at java.util.concurrent.ThreadPoolExecutor.runWorker(Unknown Source)
at java.util.concurrent.ThreadPoolExecutor$Worker.run(Unknown Source)
at java.lang.Thread.run(Unknown Source)
... Removed 24 stack frames]]>
    </failure>
  </testcase> <!-- validateCoursesPageTitleTest -->
</testsuite> <!-- RSA Academy Course Page Test -->
