<?xml version="1.0" encoding="UTF-8"?>
<testng-results skipped="0" failed="1" ignored="0" total="3" passed="2">
  <reporter-output>
  </reporter-output>
  <suite name="Smoke Suite" duration-ms="46761" started-at="2020-09-11T11:21:59 IST" finished-at="2020-09-11T11:22:46 IST">
    <groups>
    </groups>
    <test name="RSA Academy Home Page Test" duration-ms="21658" started-at="2020-09-11T11:21:59 IST" finished-at="2020-09-11T11:22:21 IST">
      <class name="testcases.ExtentReporting.HomePageTest">
        <test-method status="PASS" signature="setup()[pri:0, instance:testcases.ExtentReporting.HomePageTest@3c419631]" name="setup" is-config="true" duration-ms="16014" started-at="2020-09-11T11:21:59 IST" finished-at="2020-09-11T11:22:15 IST">
          <reporter-output>
          </reporter-output>
        </test-method> <!-- setup -->
        <test-method status="PASS" signature="validateHomePageTitleTest()[pri:1, instance:testcases.ExtentReporting.HomePageTest@3c419631]" name="validateHomePageTitleTest" duration-ms="1633" started-at="2020-09-11T11:22:15 IST" finished-at="2020-09-11T11:22:17 IST">
          <reporter-output>
          </reporter-output>
        </test-method> <!-- validateHomePageTitleTest -->
        <test-method status="PASS" signature="tearDown()[pri:0, instance:testcases.ExtentReporting.HomePageTest@3c419631]" name="tearDown" is-config="true" duration-ms="3931" started-at="2020-09-11T11:22:17 IST" finished-at="2020-09-11T11:22:21 IST">
          <reporter-output>
          </reporter-output>
        </test-method> <!-- tearDown -->
      </class> <!-- testcases.ExtentReporting.HomePageTest -->
    </test> <!-- RSA Academy Home Page Test -->
    <test name="RSA Academy Login Page Test" duration-ms="37976" started-at="2020-09-11T11:21:59 IST" finished-at="2020-09-11T11:22:37 IST">
      <class name="testcases.ExtentReporting.LoginPageTest">
        <test-method status="PASS" signature="setup()[pri:0, instance:testcases.ExtentReporting.LoginPageTest@5cee5251]" name="setup" is-config="true" duration-ms="18849" started-at="2020-09-11T11:21:59 IST" finished-at="2020-09-11T11:22:18 IST">
          <reporter-output>
          </reporter-output>
        </test-method> <!-- setup -->
        <test-method status="PASS" signature="validateLoginPageTitleTest()[pri:1, instance:testcases.ExtentReporting.LoginPageTest@5cee5251]" name="validateLoginPageTitleTest" duration-ms="18295" started-at="2020-09-11T11:22:18 IST" finished-at="2020-09-11T11:22:37 IST">
          <reporter-output>
          </reporter-output>
        </test-method> <!-- validateLoginPageTitleTest -->
        <test-method status="PASS" signature="tearDown()[pri:0, instance:testcases.ExtentReporting.LoginPageTest@5cee5251]" name="tearDown" is-config="true" duration-ms="790" started-at="2020-09-11T11:22:37 IST" finished-at="2020-09-11T11:22:37 IST">
          <reporter-output>
          </reporter-output>
        </test-method> <!-- tearDown -->
      </class> <!-- testcases.ExtentReporting.LoginPageTest -->
    </test> <!-- RSA Academy Login Page Test -->
    <test name="RSA Academy Course Page Test" duration-ms="46761" started-at="2020-09-11T11:21:59 IST" finished-at="2020-09-11T11:22:46 IST">
      <class name="testcases.ExtentReporting.CoursesPageTest">
        <test-method status="PASS" signature="setup()[pri:0, instance:testcases.ExtentReporting.CoursesPageTest@6f96c77]" name="setup" is-config="true" duration-ms="17302" started-at="2020-09-11T11:21:59 IST" finished-at="2020-09-11T11:22:17 IST">
          <reporter-output>
          </reporter-output>
        </test-method> <!-- setup -->
        <test-method status="FAIL" signature="validateCoursesPageTitleTest()[pri:1, instance:testcases.ExtentReporting.CoursesPageTest@6f96c77]" name="validateCoursesPageTitleTest" duration-ms="11866" started-at="2020-09-11T11:22:17 IST" finished-at="2020-09-11T11:22:29 IST">
          <exception class="java.lang.AssertionError">
            <message>
              <![CDATA[expected [Rahul Shetty Academy1] but found []]]>
            </message>
            <full-stacktrace>
              <![CDATA[java.lang.AssertionError: expected [Rahul Shetty Academy1] but found []
at org.testng.Assert.fail(Assert.java:99)
at org.testng.Assert.failNotEquals(Assert.java:1037)
at org.testng.Assert.assertEqualsImpl(Assert.java:140)
at org.testng.Assert.assertEquals(Assert.java:122)
at org.testng.Assert.assertEquals(Assert.java:629)
at org.testng.Assert.assertEquals(Assert.java:639)
at testcases.ExtentReporting.CoursesPageTest.validateCoursesPageTitleTest(CoursesPageTest.java:36)
at sun.reflect.NativeMethodAccessorImpl.invoke0(Native Method)
at sun.reflect.NativeMethodAccessorImpl.invoke(Unknown Source)
at sun.reflect.DelegatingMethodAccessorImpl.invoke(Unknown Source)
at java.lang.reflect.Method.invoke(Unknown Source)
at org.testng.internal.MethodInvocationHelper.invokeMethod(MethodInvocationHelper.java:132)
at org.testng.internal.TestInvoker.invokeMethod(TestInvoker.java:599)
at org.testng.internal.TestInvoker.invokeTestMethod(TestInvoker.java:174)
at org.testng.internal.MethodRunner.runInSequence(MethodRunner.java:46)
at org.testng.internal.TestInvoker$MethodInvocationAgent.invoke(TestInvoker.java:822)
at org.testng.internal.TestInvoker.invokeTestMethods(TestInvoker.java:147)
at org.testng.internal.TestMethodWorker.invokeTestMethods(TestMethodWorker.java:146)
at org.testng.internal.TestMethodWorker.run(TestMethodWorker.java:128)
at java.util.ArrayList.forEach(Unknown Source)
at org.testng.TestRunner.privateRun(TestRunner.java:764)
at org.testng.TestRunner.run(TestRunner.java:585)
at org.testng.SuiteRunner.runTest(SuiteRunner.java:384)
at org.testng.SuiteRunner.access$000(SuiteRunner.java:28)
at org.testng.SuiteRunner$SuiteWorker.run(SuiteRunner.java:425)
at org.testng.internal.thread.ThreadUtil.lambda$execute$0(ThreadUtil.java:66)
at java.util.concurrent.FutureTask.run(Unknown Source)
at java.util.concurrent.ThreadPoolExecutor.runWorker(Unknown Source)
at java.util.concurrent.ThreadPoolExecutor$Worker.run(Unknown Source)
at java.lang.Thread.run(Unknown Source)
]]>
            </full-stacktrace>
          </exception> <!-- java.lang.AssertionError -->
          <reporter-output>
          </reporter-output>
        </test-method> <!-- validateCoursesPageTitleTest -->
        <test-method status="PASS" signature="tearDown()[pri:0, instance:testcases.ExtentReporting.CoursesPageTest@6f96c77]" name="tearDown" is-config="true" duration-ms="831" started-at="2020-09-11T11:22:45 IST" finished-at="2020-09-11T11:22:46 IST">
          <reporter-output>
          </reporter-output>
        </test-method> <!-- tearDown -->
      </class> <!-- testcases.ExtentReporting.CoursesPageTest -->
    </test> <!-- RSA Academy Course Page Test -->
  </suite> <!-- Smoke Suite -->
</testng-results>
